====================== Welcome to MVP ======================
      A Memory-efficient, Visualization-enhanced, and       
             Parallel-accelerated Tool For GWAS             
                    __  __  __   __  ___                    
                   |  \/  | \ \ / / | _ \                   
                   | |\/| |  \ V /  |  _/                   
                   |_|  |_|   \_/   |_|     Version: 1.0.7  
  Designed and Maintained by Lilin Yin, Haohao Zhang, and   
  Xiaolei Liu                                               
  Contributors: Zhenshuang Tang, Jingya Xu, Dong Yin,       
  Zhiwu Zhang, Xiaohui Yuan, Mengjin Zhu, Shuhong Zhao,     
  Xinyun Li                                                 
  Contact: xiaoleiliu@mail.hzau.edu.cn                      
============================================================
Start: 2023-11-15 16:20:24.993579 
The log has been output to the file: /home/jrbachega/Git/Training_CIAT_Cassava/MVP.20231115_162024.log 
Input data has 220 individuals, 7752 markers 
Analyzed trait: WAB_30min_mean 
Number of threads used: 1 
Eigen Decomposition on GRM 
Deriving PCs successfully 
Number of PCs included in GLM: 5 
Number of PCs included in MLM: 3 
Number of PCs included in FarmCPU: 3 
-------------------------GWAS Start------------------------- 
General Linear Model (GLM) Start... 
scanning...
Genomic inflation factor (lambda): 1.2717 
Writing results to local file 
Mixed Linear Model (MLM) Start... 
Variance components using: BRENT 
Estimated Vg and Ve: 7.419835 7.790072 
scanning...
Genomic inflation factor (lambda): 1.0147 
Writing results to local file 
FarmCPU Start... 
Current loop: 1 out of maximum of 12 
seqQTN: 
NULL 
number of covariates in current loop is: 
3 
scanning... 
Current loop: 2 out of maximum of 12 
Optimizing Pseudo QTNs... 
seqQTN: 
301 5228 1224 5510 6130 4173 6368 
number of covariates in current loop is: 
10 
scanning... 
Current loop: 3 out of maximum of 12 
Optimizing Pseudo QTNs... 
seqQTN: 
301 1224 5228 7612 6368 97 2653 831 6130 5510 4173 
number of covariates in current loop is: 
14 
scanning... 
Current loop: 4 out of maximum of 12 
Optimizing Pseudo QTNs... 
seqQTN: 
301 1224 7612 5228 2653 5510 6746 6368 831 97 4173 
number of covariates in current loop is: 
14 
scanning... 
Current loop: 5 out of maximum of 12 
Optimizing Pseudo QTNs... 
seqQTN: 
1224 301 7612 97 5510 5228 2653 6746 7689 6368 831 4173 
number of covariates in current loop is: 
15 
scanning... 
Current loop: 6 out of maximum of 12 
Optimizing Pseudo QTNs... 
seqQTN: 
301 1224 7612 5510 97 7689 6746 5228 5256 2653 6368 831 4173 
number of covariates in current loop is: 
16 
scanning... 
Current loop: 7 out of maximum of 12 
Optimizing Pseudo QTNs... 
seqQTN: 
301 1224 97 5228 7612 5510 7689 5256 6746 6368 2653 831 4173 
number of covariates in current loop is: 
16 
scanning... 
Genomic inflation factor (lambda): 1.0772 
Writing results to local file 
scanning...
scanning...
scanning...
scanning...
scanning...
scanning...
scanning...
scanning...
scanning...
scanning...
scanning...
scanning...
scanning...
scanning...
scanning...
scanning...
scanning...
scanning...
scanning...
scanning...
scanning...
scanning...
scanning...
scanning...
scanning...
scanning...
scanning...
scanning...
scanning...
scanning...
scanning...
scanning...
scanning...
scanning...
scanning...
scanning...
scanning...
scanning...
scanning...
scanning...
scanning...
scanning...
scanning...
scanning...
scanning...
scanning...
scanning...
scanning...
scanning...
scanning...
scanning...
scanning...
scanning...
scanning...
scanning...
scanning...
scanning...
scanning...
scanning...
scanning...
scanning...
scanning...
scanning...
scanning...
scanning...
scanning...
scanning...
scanning...
scanning...
scanning...
scanning...
scanning...
scanning...
scanning...
scanning...
scanning...
scanning...
scanning...
scanning...
scanning...
scanning...
scanning...
scanning...
scanning...
scanning...
scanning...
scanning...
scanning...
scanning...
scanning...
scanning...
scanning...
scanning...
scanning...
scanning...
scanning...
scanning...
scanning...
scanning...
scanning...
scanning...
scanning...
scanning...
scanning...
scanning...
scanning...
scanning...
scanning...
scanning...
scanning...
scanning...
scanning...
scanning...
scanning...
scanning...
scanning...
scanning...
scanning...
scanning...
scanning...
scanning...
scanning...
scanning...
scanning...
scanning...
scanning...
scanning...
scanning...
scanning...
scanning...
scanning...
scanning...
scanning...
scanning...
scanning...
scanning...
scanning...
scanning...
scanning...
scanning...
scanning...
scanning...
scanning...
scanning...
scanning...
scanning...
scanning...
scanning...
scanning...
scanning...
scanning...
scanning...
scanning...
scanning...
scanning...
scanning...
scanning...
scanning...
scanning...
scanning...
scanning...
scanning...
scanning...
scanning...
scanning...
scanning...
scanning...
scanning...
scanning...
scanning...
scanning...
scanning...
scanning...
scanning...
scanning...
scanning...
scanning...
scanning...
scanning...
scanning...
scanning...
scanning...
scanning...
scanning...
scanning...
scanning...
scanning...
scanning...
scanning...
scanning...
scanning...
scanning...
scanning...
scanning...
scanning...
scanning...
scanning...
scanning...
scanning...
scanning...
scanning...
scanning...
scanning...
scanning...
scanning...
scanning...
scanning...
scanning...
scanning...
scanning...
scanning...
scanning...
scanning...
scanning...
scanning...
scanning...
scanning...
scanning...
scanning...
scanning...
scanning...
scanning...
scanning...
scanning...
scanning...
scanning...
scanning...
scanning...
scanning...
scanning...
scanning...
scanning...
scanning...
scanning...
scanning...
scanning...
scanning...
scanning...
scanning...
scanning...
scanning...
scanning...
scanning...
scanning...
scanning...
scanning...
scanning...
scanning...
scanning...
scanning...
scanning...
scanning...
scanning...
scanning...
scanning...
scanning...
scanning...
scanning...
scanning...
scanning...
scanning...
scanning...
scanning...
scanning...
scanning...
scanning...
scanning...
scanning...
scanning...
scanning...
scanning...
scanning...
scanning...
scanning...
scanning...
scanning...
scanning...
scanning...
scanning...
scanning...
scanning...
scanning...
scanning...
scanning...
scanning...
scanning...
scanning...
scanning...
scanning...
scanning...
scanning...
scanning...
scanning...
scanning...
scanning...
scanning...
scanning...
scanning...
scanning...
scanning...
scanning...
scanning...
scanning...
scanning...
scanning...
scanning...
scanning...
scanning...
scanning...
scanning...
scanning...
scanning...
scanning...
scanning...
scanning...
scanning...
scanning...
scanning...
scanning...
scanning...
scanning...
scanning...
scanning...
scanning...
scanning...
scanning...
scanning...
scanning...
scanning...
scanning...
scanning...
scanning...
scanning...
scanning...
scanning...
scanning...
scanning...
scanning...
scanning...
scanning...
scanning...
scanning...
scanning...
scanning...
scanning...
scanning...
scanning...
scanning...
scanning...
scanning...
scanning...
scanning...
scanning...
scanning...
scanning...
scanning...
scanning...
scanning...
scanning...
scanning...
scanning...
scanning...
scanning...
scanning...
scanning...
scanning...
scanning...
scanning...
scanning...
scanning...
scanning...
scanning...
scanning...
scanning...
scanning...
scanning...
scanning...
scanning...
scanning...
scanning...
scanning...
scanning...
scanning...
scanning...
scanning...
scanning...
scanning...
scanning...
scanning...
scanning...
scanning...
scanning...
scanning...
scanning...
scanning...
scanning...
scanning...
scanning...
scanning...
scanning...
scanning...
scanning...
scanning...
scanning...
scanning...
scanning...
scanning...
scanning...
scanning...
scanning...
scanning...
scanning...
scanning...
scanning...
scanning...
scanning...
scanning...
scanning...
scanning...
scanning...
scanning...
scanning...
scanning...
scanning...
scanning...
scanning...
scanning...
scanning...
scanning...
scanning...
scanning...
scanning...
scanning...
scanning...
scanning...
scanning...
scanning...
scanning...
scanning...
scanning...
scanning...
scanning...
scanning...
scanning...
scanning...
scanning...
scanning...
scanning...
scanning...
scanning...
scanning...
scanning...
scanning...
scanning...
scanning...
scanning...
scanning...
scanning...
scanning...
scanning...
scanning...
scanning...
scanning...
scanning...
scanning...
scanning...
scanning...
scanning...
scanning...
scanning...
scanning...
scanning...
scanning...
scanning...
scanning...
scanning...
scanning...
scanning...
scanning...
scanning...
scanning...
scanning...
scanning...
scanning...
scanning...
scanning...
scanning...
scanning...
scanning...
scanning...
scanning...
scanning...
scanning...
scanning...
scanning...
scanning...
scanning...
scanning...
scanning...
scanning...
scanning...
scanning...
scanning...
scanning...
scanning...
scanning...
scanning...
scanning...
scanning...
scanning...
scanning...
scanning...
scanning...
scanning...
scanning...
scanning...
scanning...
scanning...
scanning...
scanning...
scanning...
scanning...
scanning...
scanning...
scanning...
scanning...
scanning...
scanning...
scanning...
scanning...
scanning...
scanning...
scanning...
scanning...
scanning...
scanning...
scanning...
scanning...
scanning...
scanning...
scanning...
scanning...
scanning...
scanning...
scanning...
scanning...
scanning...
scanning...
scanning...
scanning...
scanning...
scanning...
scanning...
scanning...
scanning...
scanning...
scanning...
scanning...
scanning...
scanning...
scanning...
scanning...
scanning...
scanning...
scanning...
scanning...
scanning...
scanning...
scanning...
scanning...
scanning...
scanning...
scanning...
scanning...
scanning...
scanning...
scanning...
scanning...
scanning...
scanning...
scanning...
scanning...
scanning...
scanning...
scanning...
scanning...
scanning...
scanning...
scanning...
scanning...
scanning...
scanning...
scanning...
scanning...
scanning...
scanning...
scanning...
scanning...
scanning...
scanning...
scanning...
scanning...
scanning...
scanning...
scanning...
scanning...
scanning...
scanning...
scanning...
scanning...
scanning...
scanning...
scanning...
scanning...
scanning...
scanning...
scanning...
scanning...
scanning...
scanning...
scanning...
scanning...
scanning...
scanning...
scanning...
scanning...
scanning...
scanning...
scanning...
scanning...
scanning...
scanning...
scanning...
scanning...
scanning...
scanning...
scanning...
scanning...
scanning...
scanning...
scanning...
scanning...
scanning...
scanning...
scanning...
scanning...
scanning...
scanning...
scanning...
scanning...
scanning...
scanning...
scanning...
scanning...
scanning...
scanning...
scanning...
scanning...
scanning...
scanning...
scanning...
scanning...
scanning...
scanning...
scanning...
scanning...
scanning...
scanning...
scanning...
scanning...
scanning...
scanning...
scanning...
scanning...
scanning...
scanning...
scanning...
scanning...
scanning...
scanning...
scanning...
scanning...
scanning...
scanning...
scanning...
scanning...
scanning...
scanning...
scanning...
scanning...
scanning...
scanning...
scanning...
scanning...
scanning...
scanning...
scanning...
scanning...
scanning...
scanning...
scanning...
scanning...
scanning...
scanning...
scanning...
scanning...
scanning...
scanning...
scanning...
scanning...
scanning...
scanning...
scanning...
scanning...
scanning...
scanning...
scanning...
scanning...
scanning...
scanning...
scanning...
scanning...
scanning...
scanning...
scanning...
scanning...
scanning...
scanning...
scanning...
scanning...
scanning...
scanning...
scanning...
scanning...
scanning...
scanning...
scanning...
scanning...
scanning...
scanning...
scanning...
scanning...
scanning...
scanning...
scanning...
scanning...
scanning...
scanning...
scanning...
scanning...
scanning...
scanning...
scanning...
scanning...
scanning...
scanning...
scanning...
scanning...
scanning...
scanning...
scanning...
scanning...
scanning...
scanning...
scanning...
scanning...
scanning...
scanning...
scanning...
scanning...
scanning...
scanning...
scanning...
scanning...
scanning...
scanning...
scanning...
scanning...
scanning...
scanning...
scanning...
scanning...
scanning...
scanning...
scanning...
scanning...
scanning...
scanning...
scanning...
scanning...
scanning...
scanning...
scanning...
scanning...
scanning...
scanning...
scanning...
scanning...
scanning...
scanning...
scanning...
scanning...
scanning...
scanning...
scanning...
scanning...
scanning...
scanning...
scanning...
scanning...
scanning...
scanning...
scanning...
scanning...
scanning...
scanning...
scanning...
scanning...
scanning...
scanning...
scanning...
scanning...
scanning...
scanning...
scanning...
scanning...
scanning...
scanning...
scanning...
scanning...
scanning...
scanning...
scanning...
scanning...
scanning...
scanning...
scanning...
scanning...
scanning...
scanning...
scanning...
scanning...
scanning...
scanning...
scanning...
scanning...
scanning...
scanning...
scanning...
scanning...
scanning...
scanning...
scanning...
scanning...
scanning...
scanning...
scanning...
scanning...
scanning...
scanning...
scanning...
scanning...
scanning...
scanning...
scanning...
scanning...
scanning...
scanning...
scanning...
scanning...
scanning...
scanning...
scanning...
scanning...
scanning...
scanning...
scanning...
scanning...
scanning...
scanning...
scanning...
scanning...
scanning...
scanning...
scanning...
scanning...
scanning...
scanning...
scanning...
scanning...
scanning...
scanning...
scanning...
scanning...
scanning...
scanning...
scanning...
scanning...
scanning...
scanning...
scanning...
scanning...
scanning...
scanning...
scanning...
scanning...
scanning...
scanning...
scanning...
scanning...
scanning...
scanning...
scanning...
scanning...
scanning...
scanning...
scanning...
scanning...
scanning...
scanning...
scanning...
scanning...
scanning...
scanning...
scanning...
scanning...
scanning...
scanning...
scanning...
scanning...
scanning...
scanning...
scanning...
scanning...
scanning...
scanning...
scanning...
scanning...
scanning...
scanning...
scanning...
scanning...
scanning...
scanning...
scanning...
scanning...
scanning...
scanning...
scanning...
scanning...
scanning...
scanning...
scanning...
scanning...
scanning...
scanning...
scanning...
scanning...
scanning...
scanning...
scanning...
scanning...
scanning...
scanning...
scanning...
scanning...
scanning...
scanning...
scanning...
scanning...
scanning...
scanning...
scanning...
scanning...
scanning...
scanning...
scanning...
scanning...
scanning...
scanning...
scanning...
scanning...
scanning...
scanning...
scanning...
scanning...
scanning...
scanning...
scanning...
scanning...
scanning...
scanning...
scanning...
scanning...
scanning...
scanning...
scanning...
scanning...
scanning...
scanning...
Significant level: 4.35e-06 
---------------------Visualization Start-------------------- 
Phenotype distribution Plotting 
PCA plot2d 
SNP_Density Plotting 
Circular_Manhattan Plotting WAB_30min_mean.GLM 
Circular_Manhattan Plotting WAB_30min_mean.MLM 
Circular_Manhattan Plotting WAB_30min_mean.FarmCPU 
Rectangular_Manhattan Plotting WAB_30min_mean.GLM 
Rectangular_Manhattan Plotting WAB_30min_mean.MLM 
Rectangular_Manhattan Plotting WAB_30min_mean.FarmCPU 
Q_Q Plotting WAB_30min_mean.GLM 
Q_Q Plotting WAB_30min_mean.MLM 
Q_Q Plotting WAB_30min_mean.FarmCPU 
Multracks_Rectangular Plotting WAB_30min_mean.GLM 
Multracks_Rectangular Plotting WAB_30min_mean.MLM 
Multracks_Rectangular Plotting WAB_30min_mean.FarmCPU 
Multracks_QQ Plotting WAB_30min_mean.GLM 
Multracks_QQ Plotting WAB_30min_mean.MLM 
Multracks_QQ Plotting WAB_30min_mean.FarmCPU 
Multraits_QQ Plotting WAB_30min_mean.GLM 
Multraits_QQ Plotting WAB_30min_mean.MLM 
Multraits_QQ Plotting WAB_30min_mean.FarmCPU 
Results are stored at Working Directory: /home/jrbachega/Git/Training_CIAT_Cassava 
End: 2023-11-15 16:21:07.754429 
===================== MVP ACCOMPLISHED ===================== 
