====================== Welcome to MVP ======================
      A Memory-efficient, Visualization-enhanced, and       
             Parallel-accelerated Tool For GWAS             
                    __  __  __   __  ___                    
                   |  \/  | \ \ / / | _ \                   
                   | |\/| |  \ V /  |  _/                   
                   |_|  |_|   \_/   |_|     Version: 1.0.7  
  Designed and Maintained by Lilin Yin, Haohao Zhang, and   
  Xiaolei Liu                                               
  Contributors: Zhenshuang Tang, Jingya Xu, Dong Yin,       
  Zhiwu Zhang, Xiaohui Yuan, Mengjin Zhu, Shuhong Zhao,     
  Xinyun Li                                                 
  Contact: xiaoleiliu@mail.hzau.edu.cn                      
============================================================
Start: 2023-11-15 16:19:02.217208 
The log has been output to the file: /home/jrbachega/Git/Training_CIAT_Cassava/MVP.20231115_161902.log 
Input data has 220 individuals, 7752 markers 
Analyzed trait: DM_NIRS 
Number of threads used: 1 
Eigen Decomposition on GRM 
Deriving PCs successfully 
Number of PCs included in GLM: 5 
Number of PCs included in MLM: 3 
Number of PCs included in FarmCPU: 3 
-------------------------GWAS Start------------------------- 
General Linear Model (GLM) Start... 
scanning...
Genomic inflation factor (lambda): 0.9837 
Writing results to local file 
Mixed Linear Model (MLM) Start... 
Variance components using: BRENT 
Estimated Vg and Ve: 12.743172 9.328343 
scanning...
Genomic inflation factor (lambda): 0.9013 
Writing results to local file 
FarmCPU Start... 
Current loop: 1 out of maximum of 12 
seqQTN: 
NULL 
number of covariates in current loop is: 
3 
scanning... 
Current loop: 2 out of maximum of 12 
Optimizing Pseudo QTNs... 
seqQTN: 
301 7310 2505 3577 1264 6415 2136 4648 6032 6720 
number of covariates in current loop is: 
13 
scanning... 
Current loop: 3 out of maximum of 12 
Optimizing Pseudo QTNs... 
seqQTN: 
301 7310 2505 4288 6415 2395 3577 4093 6689 3141 6032 4648 2136 1264 
number of covariates in current loop is: 
17 
scanning... 
Current loop: 4 out of maximum of 12 
Optimizing Pseudo QTNs... 
seqQTN: 
301 7310 2505 4288 1033 6032 2136 3210 4093 1135 3141 2395 4648 6415 3577 1264 6689 
number of covariates in current loop is: 
20 
scanning... 
Current loop: 5 out of maximum of 12 
Optimizing Pseudo QTNs... 
seqQTN: 
301 7310 2395 4288 2505 3210 2136 6032 4093 4206 1033 3141 3577 1264 1135 6415 6689 4648 
number of covariates in current loop is: 
21 
scanning... 
Current loop: 6 out of maximum of 12 
Optimizing Pseudo QTNs... 
seqQTN: 
301 7310 3210 2505 2395 4206 6032 4288 2136 4093 3577 1033 3141 1264 6689 1135 4648 6415 
number of covariates in current loop is: 
21 
scanning... 
Genomic inflation factor (lambda): 0.9169 
Writing results to local file 
scanning...
scanning...
scanning...
scanning...
scanning...
scanning...
scanning...
scanning...
scanning...
scanning...
scanning...
scanning...
scanning...
scanning...
scanning...
scanning...
scanning...
scanning...
scanning...
scanning...
scanning...
scanning...
scanning...
scanning...
scanning...
scanning...
scanning...
scanning...
scanning...
scanning...
scanning...
scanning...
scanning...
scanning...
scanning...
scanning...
scanning...
scanning...
scanning...
scanning...
scanning...
scanning...
scanning...
scanning...
scanning...
scanning...
scanning...
scanning...
scanning...
scanning...
scanning...
scanning...
scanning...
scanning...
scanning...
scanning...
scanning...
scanning...
scanning...
scanning...
scanning...
scanning...
scanning...
scanning...
scanning...
scanning...
scanning...
scanning...
scanning...
scanning...
scanning...
scanning...
scanning...
scanning...
scanning...
scanning...
scanning...
scanning...
scanning...
scanning...
scanning...
scanning...
scanning...
scanning...
scanning...
scanning...
scanning...
scanning...
scanning...
scanning...
scanning...
scanning...
scanning...
scanning...
scanning...
scanning...
scanning...
scanning...
scanning...
scanning...
scanning...
scanning...
scanning...
scanning...
scanning...
scanning...
scanning...
scanning...
scanning...
scanning...
scanning...
scanning...
scanning...
scanning...
scanning...
scanning...
scanning...
scanning...
scanning...
scanning...
scanning...
scanning...
scanning...
scanning...
scanning...
scanning...
scanning...
scanning...
scanning...
scanning...
scanning...
scanning...
scanning...
scanning...
scanning...
scanning...
scanning...
scanning...
scanning...
scanning...
scanning...
scanning...
scanning...
scanning...
scanning...
scanning...
scanning...
scanning...
scanning...
scanning...
scanning...
scanning...
scanning...
scanning...
scanning...
scanning...
scanning...
scanning...
scanning...
scanning...
scanning...
scanning...
scanning...
scanning...
scanning...
scanning...
scanning...
scanning...
scanning...
scanning...
scanning...
scanning...
scanning...
scanning...
scanning...
scanning...
scanning...
scanning...
scanning...
scanning...
scanning...
scanning...
scanning...
scanning...
scanning...
scanning...
scanning...
scanning...
scanning...
scanning...
scanning...
scanning...
scanning...
scanning...
scanning...
scanning...
scanning...
scanning...
scanning...
scanning...
scanning...
scanning...
scanning...
scanning...
scanning...
scanning...
scanning...
scanning...
scanning...
scanning...
scanning...
scanning...
scanning...
scanning...
scanning...
scanning...
scanning...
scanning...
scanning...
scanning...
scanning...
scanning...
scanning...
scanning...
scanning...
scanning...
scanning...
scanning...
scanning...
scanning...
scanning...
scanning...
scanning...
scanning...
scanning...
scanning...
scanning...
scanning...
scanning...
scanning...
scanning...
scanning...
scanning...
scanning...
scanning...
scanning...
scanning...
scanning...
scanning...
scanning...
scanning...
scanning...
scanning...
scanning...
scanning...
scanning...
scanning...
scanning...
scanning...
scanning...
scanning...
scanning...
scanning...
scanning...
scanning...
scanning...
scanning...
scanning...
scanning...
scanning...
scanning...
scanning...
scanning...
scanning...
scanning...
scanning...
scanning...
scanning...
scanning...
scanning...
scanning...
scanning...
scanning...
scanning...
scanning...
scanning...
scanning...
scanning...
scanning...
scanning...
scanning...
scanning...
scanning...
scanning...
scanning...
scanning...
scanning...
scanning...
scanning...
scanning...
scanning...
scanning...
scanning...
scanning...
scanning...
scanning...
scanning...
scanning...
scanning...
scanning...
scanning...
scanning...
scanning...
scanning...
scanning...
scanning...
scanning...
scanning...
scanning...
scanning...
scanning...
scanning...
scanning...
scanning...
scanning...
scanning...
scanning...
scanning...
scanning...
scanning...
scanning...
scanning...
scanning...
scanning...
scanning...
scanning...
scanning...
scanning...
scanning...
scanning...
scanning...
scanning...
scanning...
scanning...
scanning...
scanning...
scanning...
scanning...
scanning...
scanning...
scanning...
scanning...
scanning...
scanning...
scanning...
scanning...
scanning...
scanning...
scanning...
scanning...
scanning...
scanning...
scanning...
scanning...
scanning...
scanning...
scanning...
scanning...
scanning...
scanning...
scanning...
scanning...
scanning...
scanning...
scanning...
scanning...
scanning...
scanning...
scanning...
scanning...
scanning...
scanning...
scanning...
scanning...
scanning...
scanning...
scanning...
scanning...
scanning...
scanning...
scanning...
scanning...
scanning...
scanning...
scanning...
scanning...
scanning...
scanning...
scanning...
scanning...
scanning...
scanning...
scanning...
scanning...
scanning...
scanning...
scanning...
scanning...
scanning...
scanning...
scanning...
scanning...
scanning...
scanning...
scanning...
scanning...
scanning...
scanning...
scanning...
scanning...
scanning...
scanning...
scanning...
scanning...
scanning...
scanning...
scanning...
scanning...
scanning...
scanning...
scanning...
scanning...
scanning...
scanning...
scanning...
scanning...
scanning...
scanning...
scanning...
scanning...
scanning...
scanning...
scanning...
scanning...
scanning...
scanning...
scanning...
scanning...
scanning...
scanning...
scanning...
scanning...
scanning...
scanning...
scanning...
scanning...
scanning...
scanning...
scanning...
scanning...
scanning...
scanning...
scanning...
scanning...
scanning...
scanning...
scanning...
scanning...
scanning...
scanning...
scanning...
scanning...
scanning...
scanning...
scanning...
scanning...
scanning...
scanning...
scanning...
scanning...
scanning...
scanning...
scanning...
scanning...
scanning...
scanning...
scanning...
scanning...
scanning...
scanning...
scanning...
scanning...
scanning...
scanning...
scanning...
scanning...
scanning...
scanning...
scanning...
scanning...
scanning...
scanning...
scanning...
scanning...
scanning...
scanning...
scanning...
scanning...
scanning...
scanning...
scanning...
scanning...
scanning...
scanning...
scanning...
scanning...
scanning...
scanning...
scanning...
scanning...
scanning...
scanning...
scanning...
scanning...
scanning...
scanning...
scanning...
scanning...
scanning...
scanning...
scanning...
scanning...
scanning...
scanning...
scanning...
scanning...
scanning...
scanning...
scanning...
scanning...
scanning...
scanning...
scanning...
scanning...
scanning...
scanning...
scanning...
scanning...
scanning...
scanning...
scanning...
scanning...
scanning...
scanning...
scanning...
scanning...
scanning...
scanning...
scanning...
scanning...
scanning...
scanning...
scanning...
scanning...
scanning...
scanning...
scanning...
scanning...
scanning...
scanning...
scanning...
scanning...
scanning...
scanning...
scanning...
scanning...
scanning...
scanning...
scanning...
scanning...
scanning...
scanning...
scanning...
scanning...
scanning...
scanning...
scanning...
scanning...
scanning...
scanning...
scanning...
scanning...
scanning...
scanning...
scanning...
scanning...
scanning...
scanning...
scanning...
scanning...
scanning...
scanning...
scanning...
scanning...
scanning...
scanning...
scanning...
scanning...
scanning...
scanning...
scanning...
scanning...
scanning...
scanning...
scanning...
scanning...
scanning...
scanning...
scanning...
scanning...
scanning...
scanning...
scanning...
scanning...
scanning...
scanning...
scanning...
scanning...
scanning...
scanning...
scanning...
scanning...
scanning...
scanning...
scanning...
scanning...
scanning...
scanning...
scanning...
scanning...
scanning...
scanning...
scanning...
scanning...
scanning...
scanning...
scanning...
scanning...
scanning...
scanning...
scanning...
scanning...
scanning...
scanning...
scanning...
scanning...
scanning...
scanning...
scanning...
scanning...
scanning...
scanning...
scanning...
scanning...
scanning...
scanning...
scanning...
scanning...
scanning...
scanning...
scanning...
scanning...
scanning...
scanning...
scanning...
scanning...
scanning...
scanning...
scanning...
scanning...
scanning...
scanning...
scanning...
scanning...
scanning...
scanning...
scanning...
scanning...
scanning...
scanning...
scanning...
scanning...
scanning...
scanning...
scanning...
scanning...
scanning...
scanning...
scanning...
scanning...
scanning...
scanning...
scanning...
scanning...
scanning...
scanning...
scanning...
scanning...
scanning...
scanning...
scanning...
scanning...
scanning...
scanning...
scanning...
scanning...
scanning...
scanning...
scanning...
scanning...
scanning...
scanning...
scanning...
scanning...
scanning...
scanning...
scanning...
scanning...
scanning...
scanning...
scanning...
scanning...
scanning...
scanning...
scanning...
scanning...
scanning...
scanning...
scanning...
scanning...
scanning...
scanning...
scanning...
scanning...
scanning...
scanning...
scanning...
scanning...
scanning...
scanning...
scanning...
scanning...
scanning...
scanning...
scanning...
scanning...
scanning...
scanning...
scanning...
scanning...
scanning...
scanning...
scanning...
scanning...
scanning...
scanning...
scanning...
scanning...
scanning...
scanning...
scanning...
scanning...
scanning...
scanning...
scanning...
scanning...
scanning...
scanning...
scanning...
scanning...
scanning...
scanning...
scanning...
scanning...
scanning...
scanning...
scanning...
scanning...
scanning...
scanning...
scanning...
scanning...
scanning...
scanning...
scanning...
scanning...
scanning...
scanning...
scanning...
scanning...
scanning...
scanning...
scanning...
scanning...
scanning...
scanning...
scanning...
scanning...
scanning...
scanning...
scanning...
scanning...
scanning...
scanning...
scanning...
scanning...
scanning...
scanning...
scanning...
scanning...
scanning...
scanning...
scanning...
scanning...
scanning...
scanning...
scanning...
scanning...
scanning...
scanning...
scanning...
scanning...
scanning...
scanning...
scanning...
scanning...
scanning...
scanning...
scanning...
scanning...
scanning...
scanning...
scanning...
scanning...
scanning...
scanning...
scanning...
scanning...
scanning...
scanning...
scanning...
scanning...
scanning...
scanning...
scanning...
scanning...
scanning...
scanning...
scanning...
scanning...
scanning...
scanning...
scanning...
scanning...
scanning...
scanning...
scanning...
scanning...
scanning...
scanning...
scanning...
scanning...
scanning...
scanning...
scanning...
scanning...
scanning...
scanning...
scanning...
scanning...
scanning...
scanning...
scanning...
scanning...
scanning...
scanning...
scanning...
scanning...
scanning...
scanning...
scanning...
scanning...
scanning...
scanning...
scanning...
scanning...
scanning...
scanning...
scanning...
scanning...
scanning...
scanning...
scanning...
scanning...
scanning...
scanning...
scanning...
scanning...
scanning...
scanning...
scanning...
scanning...
scanning...
scanning...
scanning...
scanning...
scanning...
scanning...
scanning...
scanning...
scanning...
scanning...
scanning...
scanning...
scanning...
scanning...
scanning...
scanning...
scanning...
scanning...
scanning...
scanning...
scanning...
scanning...
scanning...
scanning...
scanning...
scanning...
scanning...
scanning...
scanning...
scanning...
scanning...
scanning...
scanning...
scanning...
scanning...
scanning...
scanning...
scanning...
scanning...
scanning...
scanning...
scanning...
scanning...
scanning...
scanning...
scanning...
scanning...
scanning...
scanning...
scanning...
scanning...
scanning...
scanning...
scanning...
scanning...
scanning...
scanning...
scanning...
scanning...
scanning...
scanning...
scanning...
scanning...
scanning...
scanning...
scanning...
scanning...
scanning...
scanning...
scanning...
scanning...
scanning...
scanning...
scanning...
scanning...
scanning...
scanning...
scanning...
scanning...
scanning...
scanning...
scanning...
scanning...
scanning...
scanning...
scanning...
scanning...
scanning...
Significant level: 9.04e-06 
---------------------Visualization Start-------------------- 
Phenotype distribution Plotting 
PCA plot2d 
SNP_Density Plotting 
Circular_Manhattan Plotting DM_NIRS.GLM 
Circular_Manhattan Plotting DM_NIRS.MLM 
Circular_Manhattan Plotting DM_NIRS.FarmCPU 
Rectangular_Manhattan Plotting DM_NIRS.GLM 
Rectangular_Manhattan Plotting DM_NIRS.MLM 
Rectangular_Manhattan Plotting DM_NIRS.FarmCPU 
Q_Q Plotting DM_NIRS.GLM 
Q_Q Plotting DM_NIRS.MLM 
Q_Q Plotting DM_NIRS.FarmCPU 
Multracks_Rectangular Plotting DM_NIRS.GLM 
Multracks_Rectangular Plotting DM_NIRS.MLM 
Multracks_Rectangular Plotting DM_NIRS.FarmCPU 
Multracks_QQ Plotting DM_NIRS.GLM 
Multracks_QQ Plotting DM_NIRS.MLM 
Multracks_QQ Plotting DM_NIRS.FarmCPU 
Multraits_QQ Plotting DM_NIRS.GLM 
Multraits_QQ Plotting DM_NIRS.MLM 
Multraits_QQ Plotting DM_NIRS.FarmCPU 
Results are stored at Working Directory: /home/jrbachega/Git/Training_CIAT_Cassava 
End: 2023-11-15 16:19:44.550922 
===================== MVP ACCOMPLISHED ===================== 
